<?xml version="1.0" encoding="UTF-8"?>
<!-- Generated by org.testng.reporters.JUnitXMLReporter -->
<testsuite ignored="6" hostname="Srinath-Acer" failures="0" tests="3" name="Test" time="33.108" errors="0" timestamp="2024-02-18T16:50:09 IST">
  <testcase classname="testScripts001.Test_TC002_AddingProductToCart_test" name="addingProdToCart" time="11.383"/>
  <testcase classname="testScripts001.Test_TC004_Communitypoll_test" name="cummunityPollVoting" time="0.097"/>
  <testcase classname="testScripts001.Test_TC003_NewsLetter_test" name="m1" time="0.433"/>
  <testcase classname="baseClass.BaseClass002" name="@BeforeSuite launchingBrowser" time="0.0">
    <ignored/>
  </testcase> <!-- @BeforeSuite launchingBrowser -->
  <testcase classname="baseClass.BaseClass002" name="@AfterSuite quittingBrowser" time="0.0">
    <ignored/>
  </testcase> <!-- @AfterSuite quittingBrowser -->
  <testcase classname="baseClass.BaseClass002" name="@AfterSuite quittingBrowser" time="0.0">
    <ignored/>
  </testcase> <!-- @AfterSuite quittingBrowser -->
  <testcase classname="baseClass.BaseClass002" name="@BeforeTest launchingApplication" time="0.0">
    <ignored/>
  </testcase> <!-- @BeforeTest launchingApplication -->
  <testcase classname="baseClass.BaseClass002" name="@BeforeTest launchingApplication" time="0.0">
    <ignored/>
  </testcase> <!-- @BeforeTest launchingApplication -->
  <testcase classname="baseClass.BaseClass002" name="@BeforeSuite launchingBrowser" time="0.0">
    <ignored/>
  </testcase> <!-- @BeforeSuite launchingBrowser -->
</testsuite> <!-- Test -->
